<?xml version="1.0" encoding="UTF-8"?>
<testsuite xmlns:xsi="http://www.w3.org/2001/XMLSchema-instance" xsi:noNamespaceSchemaLocation="https://maven.apache.org/surefire/maven-surefire-plugin/xsd/surefire-test-report.xsd" version="3.0.2" name="com.cognizant.springlearn.SpringLearnJwtApplicationTests" time="1.24" tests="1" errors="0" skipped="0" failures="0">
  <properties>
[...]
</properties>
  <testcase name="contextLoads" classname="com.cognizant.springlearn.SpringLearnJwtApplicationTests" time="0.349">
    <system-out><![CDATA[20:19:17.259 [main] INFO org.springframework.test.context.support.AnnotationConfigContextLoaderUtils -- Could not detect default configuration classes for test class [com.cognizant.springlearn.SpringLearnJwtApplicationTests]: SpringLearnJwtApplicationTests does not declare any static, non-private, non-final, nested classes annotated with @Configuration.
20:19:17.313 [main] INFO org.springframework.boot.test.context.SpringBootTestContextBootstrapper -- Found @SpringBootConfiguration com.cognizant.springlearn.SpringLearnJwtApplication for test class com.cognizant.springlearn.SpringLearnJwtApplicationTests

  .   ____          _            __ _ _
 /\\ / ___'_ __ _ _(_)_ __  __ _ \ \ \ \
( ( )\___ | '_ | '_| | '_ \/ _` | \ \ \ \
 \\/  ___)| |_)| | | | | || (_| |  ) ) ) )
  '  |____| .__|_| |_|_| |_\__, | / / / /
 =========|_|==============|___/=/_/_/_/

 :: Spring Boot ::                (v3.5.4)

2026-07-25T20:19:17.484+05:30  INFO 18627 --- [spring-learn-jwt] [           main] c.c.s.SpringLearnJwtApplicationTests     : Starting SpringLearnJwtApplicationTests using Java 24.0.1 with PID 18627 (started by lokeshpolisetty in /Users/lokeshpolisetty/Desktop/PlacementTraining/Cognizant/FSE/SpringBoot/Exercise-3(JWT))
2026-07-25T20:19:17.485+05:30  INFO 18627 --- [spring-learn-jwt] [           main] c.c.s.SpringLearnJwtApplicationTests     : No active profile set, falling back to 1 default profile: "default"
2026-07-25T20:19:17.891+05:30  INFO 18627 --- [spring-learn-jwt] [           main] eAuthenticationProviderManagerConfigurer : Global AuthenticationManager configured with AuthenticationProvider bean with name authenticationProvider
2026-07-25T20:19:17.892+05:30  WARN 18627 --- [spring-learn-jwt] [           main] r$InitializeUserDetailsManagerConfigurer : Global AuthenticationManager configured with an AuthenticationProvider bean. UserDetailsService beans will not be used by Spring Security for automatically configuring username/password login. Consider removing the AuthenticationProvider bean. Alternatively, consider using the UserDetailsService in a manually instantiated DaoAuthenticationProvider. If the current configuration is intentional, to turn off this warning, increase the logging level of 'org.springframework.security.config.annotation.authentication.configuration.InitializeUserDetailsBeanManagerConfigurer' to ERROR
2026-07-25T20:19:18.083+05:30  INFO 18627 --- [spring-learn-jwt] [           main] c.c.s.SpringLearnJwtApplicationTests     : Started SpringLearnJwtApplicationTests in 0.703 seconds (process running for 1.108)
]]></system-out>
    <system-err><![CDATA[Mockito is currently self-attaching to enable the inline-mock-maker. This will no longer work in future releases of the JDK. Please add Mockito as an agent to your build as described in Mockito's documentation: https://javadoc.io/doc/org.mockito/mockito-core/latest/org.mockito/org/mockito/Mockito.html#0.3
WARNING: A Java agent has been loaded dynamically (/Users/lokeshpolisetty/.m2/repository/net/bytebuddy/byte-buddy-agent/1.17.6/byte-buddy-agent-1.17.6.jar)
WARNING: If a serviceability tool is in use, please run with -XX:+EnableDynamicAgentLoading to hide this warning
WARNING: If a serviceability tool is not in use, please run with -Djdk.instrument.traceUsage for more information
WARNING: Dynamic loading of agents will be disallowed by default in a future release
]]></system-err>
  </testcase>
</testsuite>